[debug] [2025-05-21T17:27:01.802Z] ----------------------------------------------------------------------
[debug] [2025-05-21T17:27:01.806Z] Command:       C:\Program Files\nodejs\node.exe C:\Users\PMLS\AppData\Roaming\npm\node_modules\firebase-tools\lib\bin\firebase.js login
[debug] [2025-05-21T17:27:01.806Z] CLI Version:   14.4.0
[debug] [2025-05-21T17:27:01.807Z] Platform:      win32
[debug] [2025-05-21T17:27:01.807Z] Node Version:  v20.18.0
[debug] [2025-05-21T17:27:01.807Z] Time:          Wed May 21 2025 22:27:01 GMT+0500 (Pakistan Standard Time)
[debug] [2025-05-21T17:27:01.807Z] ----------------------------------------------------------------------
[debug] 
[debug] [2025-05-21T17:27:01.810Z] >>> [apiv2][query] GET https://firebase-public.firebaseio.com/cli.json [none]
[info] i  Firebase optionally collects CLI and Emulator Suite usage and error reporting information to help improve our products. Data is collected in accordance with Google's privacy policy (https://policies.google.com/privacy) and is not used to identify you.
 
[info] i  To change your data collection preference at any time, run `firebase logout` and log in again. 
[info] 
[info] Visit this URL on this device to log in:
[info] https://accounts.google.com/o/oauth2/auth?client_id=563584335869-fgrhgmd47bqnekij5i8b5pr03ho849e6.apps.googleusercontent.com&scope=email%20openid%20https%3A%2F%2Fwww.googleapis.com%2Fauth%2Fcloudplatformprojects.readonly%20https%3A%2F%2Fwww.googleapis.com%2Fauth%2Ffirebase%20https%3A%2F%2Fwww.googleapis.com%2Fauth%2Fcloud-platform&response_type=code&state=207975809&redirect_uri=http%3A%2F%2Flocalhost%3A9005
[info] 
[info] Waiting for authentication...
[debug] [2025-05-21T17:27:02.583Z] <<< [apiv2][status] GET https://firebase-public.firebaseio.com/cli.json 200
[debug] [2025-05-21T17:27:02.584Z] <<< [apiv2][body] GET https://firebase-public.firebaseio.com/cli.json {"cloudBuildErrorAfter":1594252800000,"cloudBuildWarnAfter":1590019200000,"defaultNode10After":1594252800000,"minVersion":"3.0.5","node8DeploysDisabledAfter":1613390400000,"node8RuntimeDisabledAfter":1615809600000,"node8WarnAfter":1600128000000}
[debug] [2025-05-21T17:28:38.603Z] >>> [apiv2][query] POST https://auth.firebase.tools/attest [none]
[debug] [2025-05-21T17:28:38.604Z] >>> [apiv2][body] POST https://auth.firebase.tools/attest {"session_id":"ab4c31aa-c5ce-4344-96b5-10eac5de830a"}
[debug] [2025-05-21T17:28:39.798Z] <<< [apiv2][status] POST https://auth.firebase.tools/attest 200
[debug] [2025-05-21T17:28:39.798Z] <<< [apiv2][body] POST https://auth.firebase.tools/attest {"token":"E90xmptYlHakGyzcyQBLkD7I4DyCUCuox8b9FuRwx84"}
[info] 
[info] To sign in to the Firebase CLI:
[info] 
[info] 1. Take note of your session ID:
[info] 
[info]    AB4C3
[info] 
[info] 2. Visit the URL below on any device and follow the instructions to get your code:
[info] 
[info]    https://auth.firebase.tools/login?code_challenge=tQF6Syp7mhoa1_ShLastyJa0FkVGc_qhekEZ8F4TUFw&session=ab4c31aa-c5ce-4344-96b5-10eac5de830a&attest=E90xmptYlHakGyzcyQBLkD7I4DyCUCuox8b9FuRwx84
[info] 
[info] 3. Paste or enter the authorization code below once you have it:
[info] 
[debug] [2025-05-21T17:28:47.228Z] ExitPromptError: User force closed the prompt with SIGINT
    at Interface.sigint (C:\Users\PMLS\AppData\Roaming\npm\node_modules\firebase-tools\node_modules\@inquirer\core\dist\commonjs\lib\create-prompt.js:100:37)
    at Interface.emit (node:events:519:28)
    at Interface.emit (node:domain:488:12)
    at [_ttyWrite] [as _ttyWrite] (node:internal/readline/interface:1126:18)
    at ReadStream.onkeypress (node:internal/readline/interface:265:20)
    at ReadStream.emit (node:events:531:35)
    at ReadStream.emit (node:domain:488:12)
    at emitKeys (node:internal/readline/utils:371:14)
    at emitKeys.next (<anonymous>)
    at ReadStream.onData (node:internal/readline/emitKeypressEvents:64:36)
[error] 
[error] Error: An unexpected error has occurred.
